<?xml version="1.0" encoding="UTF-8"?>
<testsuite xmlns:xsi="http://www.w3.org/2001/XMLSchema-instance" xsi:noNamespaceSchemaLocation="https://maven.apache.org/surefire/maven-surefire-plugin/xsd/surefire-test-report.xsd" name="appcontroller.SearchSpotifyTest" time="0.044" tests="1" errors="0" skipped="0" failures="1">
  <properties>
[...]
</properties>
  <testcase name="test" classname="appcontroller.SearchSpotifyTest" time="0.018">
    <failure message="Not yet implemented" type="java.lang.AssertionError">java.lang.AssertionError: Not yet implemented
	at appcontroller.SearchSpotifyTest.test(SearchSpotifyTest.java:11)
</failure>
  </testcase>
</testsuite>